nohup: ignoring input
/home/stefina/miniconda3/envs/py312/lib/python3.12/pickle.py:1760: UserWarning: [21:12:23] WARNING: /workspace/src/collective/../data/../common/error_msg.h:83: If you are loading a serialized model (like pickle in Python, RDS in R) or
configuration generated by an older version of XGBoost, please export the model by calling
`Booster.save_model` from that version first, then load it back in current version. See:

    https://xgboost.readthedocs.io/en/stable/tutorials/saving_model.html

for more details about differences between saving model and serializing.

  setstate(state)
Model and Scaler loaded successfully.
 * Serving Flask app 'app'
 * Debug mode: off
[31m[1mWARNING: This is a development server. Do not use it in a production deployment. Use a production WSGI server instead.[0m
 * Running on all addresses (0.0.0.0)
 * Running on http://127.0.0.1:5000
 * Running on http://192.168.1.10:5000
[33mPress CTRL+C to quit[0m
Traceback (most recent call last):
  File "/home/stefina/clg_work/Cardiovascular-Disease-Prediction/api/app.py", line 67, in predict
    scaled_data = scaler.transform(input_data)
                  ^^^^^^^^^^^^^^^^^^^^^^^^^^^^
  File "/home/stefina/.local/lib/python3.12/site-packages/sklearn/utils/_set_output.py", line 316, in wrapped
    data_to_wrap = f(self, X, *args, **kwargs)
                   ^^^^^^^^^^^^^^^^^^^^^^^^^^^
  File "/home/stefina/.local/lib/python3.12/site-packages/sklearn/preprocessing/_data.py", line 1075, in transform
    X = validate_data(
        ^^^^^^^^^^^^^^
  File "/home/stefina/.local/lib/python3.12/site-packages/sklearn/utils/validation.py", line 2929, in validate_data
    _check_feature_names(_estimator, X, reset=reset)
  File "/home/stefina/.local/lib/python3.12/site-packages/sklearn/utils/validation.py", line 2787, in _check_feature_names
    raise ValueError(message)
ValueError: The feature names should match those that were passed during fit.
Feature names seen at fit time, yet now missing:
- bmi
- mean_arterial_pressure
- pulse_pressure

127.0.0.1 - - [03/Nov/2025 21:14:55] "[31m[1mPOST /predict HTTP/1.1[0m" 400 -
Traceback (most recent call last):
  File "/home/stefina/clg_work/Cardiovascular-Disease-Prediction/api/app.py", line 67, in predict
    scaled_data = scaler.transform(input_data)
                  ^^^^^^^^^^^^^^^^^^^^^^^^^^^^
  File "/home/stefina/.local/lib/python3.12/site-packages/sklearn/utils/_set_output.py", line 316, in wrapped
    data_to_wrap = f(self, X, *args, **kwargs)
                   ^^^^^^^^^^^^^^^^^^^^^^^^^^^
  File "/home/stefina/.local/lib/python3.12/site-packages/sklearn/preprocessing/_data.py", line 1075, in transform
    X = validate_data(
        ^^^^^^^^^^^^^^
  File "/home/stefina/.local/lib/python3.12/site-packages/sklearn/utils/validation.py", line 2929, in validate_data
    _check_feature_names(_estimator, X, reset=reset)
  File "/home/stefina/.local/lib/python3.12/site-packages/sklearn/utils/validation.py", line 2787, in _check_feature_names
    raise ValueError(message)
ValueError: The feature names should match those that were passed during fit.
Feature names seen at fit time, yet now missing:
- bmi
- mean_arterial_pressure
- pulse_pressure

127.0.0.1 - - [03/Nov/2025 21:15:53] "[31m[1mPOST /predict HTTP/1.1[0m" 400 -
Traceback (most recent call last):
  File "/home/stefina/clg_work/Cardiovascular-Disease-Prediction/api/app.py", line 67, in predict
    scaled_data = scaler.transform(input_data)
                  ^^^^^^^^^^^^^^^^^^^^^^^^^^^^
  File "/home/stefina/.local/lib/python3.12/site-packages/sklearn/utils/_set_output.py", line 316, in wrapped
    data_to_wrap = f(self, X, *args, **kwargs)
                   ^^^^^^^^^^^^^^^^^^^^^^^^^^^
  File "/home/stefina/.local/lib/python3.12/site-packages/sklearn/preprocessing/_data.py", line 1075, in transform
    X = validate_data(
        ^^^^^^^^^^^^^^
  File "/home/stefina/.local/lib/python3.12/site-packages/sklearn/utils/validation.py", line 2929, in validate_data
    _check_feature_names(_estimator, X, reset=reset)
  File "/home/stefina/.local/lib/python3.12/site-packages/sklearn/utils/validation.py", line 2787, in _check_feature_names
    raise ValueError(message)
ValueError: The feature names should match those that were passed during fit.
Feature names seen at fit time, yet now missing:
- bmi
- mean_arterial_pressure
- pulse_pressure

127.0.0.1 - - [03/Nov/2025 21:16:04] "[31m[1mPOST /predict HTTP/1.1[0m" 400 -
Traceback (most recent call last):
  File "/home/stefina/clg_work/Cardiovascular-Disease-Prediction/api/app.py", line 67, in predict
    scaled_data = scaler.transform(input_data)
                  ^^^^^^^^^^^^^^^^^^^^^^^^^^^^
  File "/home/stefina/.local/lib/python3.12/site-packages/sklearn/utils/_set_output.py", line 316, in wrapped
    data_to_wrap = f(self, X, *args, **kwargs)
                   ^^^^^^^^^^^^^^^^^^^^^^^^^^^
  File "/home/stefina/.local/lib/python3.12/site-packages/sklearn/preprocessing/_data.py", line 1075, in transform
    X = validate_data(
        ^^^^^^^^^^^^^^
  File "/home/stefina/.local/lib/python3.12/site-packages/sklearn/utils/validation.py", line 2929, in validate_data
    _check_feature_names(_estimator, X, reset=reset)
  File "/home/stefina/.local/lib/python3.12/site-packages/sklearn/utils/validation.py", line 2787, in _check_feature_names
    raise ValueError(message)
ValueError: The feature names should match those that were passed during fit.
Feature names seen at fit time, yet now missing:
- bmi
- mean_arterial_pressure
- pulse_pressure

127.0.0.1 - - [03/Nov/2025 21:16:05] "[31m[1mPOST /predict HTTP/1.1[0m" 400 -
Traceback (most recent call last):
  File "/home/stefina/clg_work/Cardiovascular-Disease-Prediction/api/app.py", line 67, in predict
    print(f"Input data before scaling: {input_data}")
                  ^^^^^^^^^^^^^^^^^^^^^^^^^^^^
  File "/home/stefina/.local/lib/python3.12/site-packages/sklearn/utils/_set_output.py", line 316, in wrapped
    data_to_wrap = f(self, X, *args, **kwargs)
                   ^^^^^^^^^^^^^^^^^^^^^^^^^^^
  File "/home/stefina/.local/lib/python3.12/site-packages/sklearn/preprocessing/_data.py", line 1075, in transform
    X = validate_data(
        ^^^^^^^^^^^^^^
  File "/home/stefina/.local/lib/python3.12/site-packages/sklearn/utils/validation.py", line 2929, in validate_data
    _check_feature_names(_estimator, X, reset=reset)
  File "/home/stefina/.local/lib/python3.12/site-packages/sklearn/utils/validation.py", line 2787, in _check_feature_names
    raise ValueError(message)
ValueError: The feature names should match those that were passed during fit.
Feature names seen at fit time, yet now missing:
- bmi
- mean_arterial_pressure
- pulse_pressure

127.0.0.1 - - [03/Nov/2025 21:17:02] "[31m[1mPOST /predict HTTP/1.1[0m" 400 -
Traceback (most recent call last):
  File "/home/stefina/clg_work/Cardiovascular-Disease-Prediction/api/app.py", line 67, in predict
    print(f"Input data before scaling: {input_data}")
                  ^^^^^^^^^^^^^^^^^^^^^^^^^^^^
  File "/home/stefina/.local/lib/python3.12/site-packages/sklearn/utils/_set_output.py", line 316, in wrapped
    data_to_wrap = f(self, X, *args, **kwargs)
                   ^^^^^^^^^^^^^^^^^^^^^^^^^^^
  File "/home/stefina/.local/lib/python3.12/site-packages/sklearn/preprocessing/_data.py", line 1075, in transform
    X = validate_data(
        ^^^^^^^^^^^^^^
  File "/home/stefina/.local/lib/python3.12/site-packages/sklearn/utils/validation.py", line 2929, in validate_data
    _check_feature_names(_estimator, X, reset=reset)
  File "/home/stefina/.local/lib/python3.12/site-packages/sklearn/utils/validation.py", line 2787, in _check_feature_names
    raise ValueError(message)
ValueError: The feature names should match those that were passed during fit.
Feature names seen at fit time, yet now missing:
- bmi
- mean_arterial_pressure
- pulse_pressure

127.0.0.1 - - [03/Nov/2025 21:17:03] "[31m[1mPOST /predict HTTP/1.1[0m" 400 -
Received data: {'age': 45, 'gender': 1, 'height': 175, 'weight': 95, 'ap_hi': 140, 'ap_lo': 110, 'cholesterol': 3, 'gluc': 3, 'smoke': 1, 'alco': 1, 'active': 0}
Initial DataFrame:    age  gender  height  weight  ap_hi  ...  cholesterol  gluc  smoke  alco  active
0   45       1     175      95    140  ...            3     3      1     1       0

[1 rows x 11 columns]
DataFrame after feature engineering:         age  gender  height  weight  ...  alco  active        bmi  bp_status
0  0.123203       1     175      95  ...     1       0  31.020408       High

[1 rows x 13 columns]
DataFrame after get_dummies:         age  gender  height  weight  ...  alco  active        bmi bp_status
0  0.123203       1     175      95  ...     1       0  31.020408      High

[1 rows x 13 columns]
Input data before scaling:         age  gender  height  ...  gluc_3  bp_status_High  bp_status_Normal
0  0.123203     1.0   175.0  ...     0.0             0.0               0.0

[1 rows x 15 columns]
Error during prediction: The feature names should match those that were passed during fit.
Feature names seen at fit time, yet now missing:
- bmi
- mean_arterial_pressure
- pulse_pressure

Received data: {'age': 45, 'gender': 1, 'height': 175, 'weight': 95, 'ap_hi': 140, 'ap_lo': 110, 'cholesterol': 3, 'gluc': 3, 'smoke': 1, 'alco': 1, 'active': 0}
Initial DataFrame:    age  gender  height  weight  ap_hi  ...  cholesterol  gluc  smoke  alco  active
0   45       1     175      95    140  ...            3     3      1     1       0

[1 rows x 11 columns]
DataFrame after feature engineering:         age  gender  height  weight  ...  alco  active        bmi  bp_status
0  0.123203       1     175      95  ...     1       0  31.020408       High

[1 rows x 13 columns]
DataFrame after get_dummies:         age  gender  height  weight  ...  alco  active        bmi bp_status
0  0.123203       1     175      95  ...     1       0  31.020408      High

[1 rows x 13 columns]
Input data before scaling:         age  gender  height  ...  gluc_3  bp_status_High  bp_status_Normal
0  0.123203     1.0   175.0  ...     0.0             0.0               0.0

[1 rows x 15 columns]
Error during prediction: The feature names should match those that were passed during fit.
Feature names seen at fit time, yet now missing:
- bmi
- mean_arterial_pressure
- pulse_pressure

Received data: {'age': 45, 'gender': 1, 'height': 175, 'weight': 95, 'ap_hi': 140, 'ap_lo': 110, 'cholesterol': 3, 'gluc': 3, 'smoke': 1, 'alco': 1, 'active': 0}
Initial DataFrame:    age  gender  height  weight  ap_hi  ...  cholesterol  gluc  smoke  alco  active
0   45       1     175      95    140  ...            3     3      1     1       0

[1 rows x 11 columns]
DataFrame after feature engineering:         age  gender  height  weight  ...  alco  active        bmi  bp_status
0  0.123203       1     175      95  ...     1       0  31.020408       High

[1 rows x 13 columns]
DataFrame after get_dummies:         age  gender  height  weight  ...  alco  active        bmi bp_status
0  0.123203       1     175      95  ...     1       0  31.020408      High

[1 rows x 13 columns]
Input data before scaling:         age  gender  height  ...  gluc_3  bp_status_High  bp_status_Normal
0  0.123203     1.0   175.0  ...     0.0             0.0               0.0

[1 rows x 15 columns]
Error during prediction: The feature names should match those that were passed during fit.
Feature names seen at fit time, yet now missing:
- bmi
- mean_arterial_pressure
- pulse_pressure

Received data: {'age': 45, 'gender': 1, 'height': 175, 'weight': 95, 'ap_hi': 140, 'ap_lo': 110, 'cholesterol': 3, 'gluc': 3, 'smoke': 1, 'alco': 1, 'active': 0}
Initial DataFrame:    age  gender  height  weight  ap_hi  ...  cholesterol  gluc  smoke  alco  active
0   45       1     175      95    140  ...            3     3      1     1       0

[1 rows x 11 columns]
DataFrame after feature engineering:         age  gender  height  weight  ...  alco  active        bmi  bp_status
0  0.123203       1     175      95  ...     1       0  31.020408       High

[1 rows x 13 columns]
DataFrame after get_dummies:         age  gender  height  weight  ...  alco  active        bmi bp_status
0  0.123203       1     175      95  ...     1       0  31.020408      High

[1 rows x 13 columns]
Input data before scaling:         age  gender  height  ...  gluc_3  bp_status_High  bp_status_Normal
0  0.123203     1.0   175.0  ...     0.0             0.0               0.0

[1 rows x 15 columns]
Error during prediction: The feature names should match those that were passed during fit.
Feature names seen at fit time, yet now missing:
- bmi
- mean_arterial_pressure
- pulse_pressure

Received data: {'age': 45, 'gender': 1, 'height': 175, 'weight': 95, 'ap_hi': 140, 'ap_lo': 110, 'cholesterol': 3, 'gluc': 3, 'smoke': 1, 'alco': 1, 'active': 0}
Initial DataFrame:    age  gender  height  weight  ap_hi  ...  cholesterol  gluc  smoke  alco  active
0   45       1     175      95    140  ...            3     3      1     1       0

[1 rows x 11 columns]
DataFrame after feature engineering:         age  gender  height  weight  ...  alco  active        bmi  bp_status
0  0.123203       1     175      95  ...     1       0  31.020408       High

[1 rows x 13 columns]
DataFrame after get_dummies:         age  gender  height  weight  ...  alco  active        bmi bp_status
0  0.123203       1     175      95  ...     1       0  31.020408      High

[1 rows x 13 columns]
Input data before scaling:         age  gender  height  ...  gluc_3  bp_status_High  bp_status_Normal
0  0.123203     1.0   175.0  ...     0.0             0.0               0.0

[1 rows x 15 columns]
Error during prediction: The feature names should match those that were passed during fit.
Feature names seen at fit time, yet now missing:
- bmi
- mean_arterial_pressure
- pulse_pressure

Received data: {'age': 45, 'gender': 1, 'height': 175, 'weight': 95, 'ap_hi': 140, 'ap_lo': 110, 'cholesterol': 3, 'gluc': 3, 'smoke': 1, 'alco': 1, 'active': 0}
Initial DataFrame:    age  gender  height  weight  ap_hi  ...  cholesterol  gluc  smoke  alco  active
0   45       1     175      95    140  ...            3     3      1     1       0

[1 rows x 11 columns]
DataFrame after feature engineering:         age  gender  height  weight  ...  alco  active        bmi  bp_status
0  0.123203       1     175      95  ...     1       0  31.020408       High

[1 rows x 13 columns]
DataFrame after get_dummies:         age  gender  height  weight  ...  alco  active        bmi bp_status
0  0.123203       1     175      95  ...     1       0  31.020408      High

[1 rows x 13 columns]
Input data before scaling:         age  gender  height  ...  gluc_3  bp_status_High  bp_status_Normal
0  0.123203     1.0   175.0  ...     0.0             0.0               0.0

[1 rows x 15 columns]
Error during prediction: The feature names should match those that were passed during fit.
Feature names seen at fit time, yet now missing:
- bmi
- mean_arterial_pressure
- pulse_pressure

Received data: {'age': 45, 'gender': 1, 'height': 175, 'weight': 95, 'ap_hi': 145, 'ap_lo': 110, 'cholesterol': 3, 'gluc': 3, 'smoke': 1, 'alco': 1, 'active': 0}
Initial DataFrame:    age  gender  height  weight  ap_hi  ...  cholesterol  gluc  smoke  alco  active
0   45       1     175      95    145  ...            3     3      1     1       0

[1 rows x 11 columns]
DataFrame after feature engineering:         age  gender  height  weight  ...  alco  active        bmi  bp_status
0  0.123203       1     175      95  ...     1       0  31.020408       High

[1 rows x 13 columns]
DataFrame after get_dummies:         age  gender  height  weight  ...  alco  active        bmi bp_status
0  0.123203       1     175      95  ...     1       0  31.020408      High

[1 rows x 13 columns]
Input data before scaling:         age  gender  height  ...  gluc_3  bp_status_High  bp_status_Normal
0  0.123203     1.0   175.0  ...     0.0             0.0               0.0

[1 rows x 15 columns]
Error during prediction: The feature names should match those that were passed during fit.
Feature names seen at fit time, yet now missing:
- bmi
- mean_arterial_pressure
- pulse_pressure
Traceback (most recent call last):
  File "/home/stefina/clg_work/Cardiovascular-Disease-Prediction/api/app.py", line 67, in predict
    print(f"Input data before scaling: {input_data}")
                  ^^^^^^^^^^^^^^^^^^^^^^^^^^^^
  File "/home/stefina/.local/lib/python3.12/site-packages/sklearn/utils/_set_output.py", line 316, in wrapped
    data_to_wrap = f(self, X, *args, **kwargs)
                   ^^^^^^^^^^^^^^^^^^^^^^^^^^^
  File "/home/stefina/.local/lib/python3.12/site-packages/sklearn/preprocessing/_data.py", line 1075, in transform
    X = validate_data(
        ^^^^^^^^^^^^^^
  File "/home/stefina/.local/lib/python3.12/site-packages/sklearn/utils/validation.py", line 2929, in validate_data
    _check_feature_names(_estimator, X, reset=reset)
  File "/home/stefina/.local/lib/python3.12/site-packages/sklearn/utils/validation.py", line 2787, in _check_feature_names
    raise ValueError(message)
ValueError: The feature names should match those that were passed during fit.
Feature names seen at fit time, yet now missing:
- bmi
- mean_arterial_pressure
- pulse_pressure

127.0.0.1 - - [03/Nov/2025 21:18:20] "[31m[1mPOST /predict HTTP/1.1[0m" 400 -
Traceback (most recent call last):
  File "/home/stefina/clg_work/Cardiovascular-Disease-Prediction/api/app.py", line 67, in predict
    input_df['bmi'] = input_df['weight'] / (input_df['height'] / 100) ** 2
                  ^^^^^^^^^^^^^^^^^^^^^^^^^^^^
  File "/home/stefina/.local/lib/python3.12/site-packages/sklearn/utils/_set_output.py", line 316, in wrapped
    data_to_wrap = f(self, X, *args, **kwargs)
                   ^^^^^^^^^^^^^^^^^^^^^^^^^^^
  File "/home/stefina/.local/lib/python3.12/site-packages/sklearn/preprocessing/_data.py", line 1075, in transform
    X = validate_data(
        ^^^^^^^^^^^^^^
  File "/home/stefina/.local/lib/python3.12/site-packages/sklearn/utils/validation.py", line 2929, in validate_data
    _check_feature_names(_estimator, X, reset=reset)
  File "/home/stefina/.local/lib/python3.12/site-packages/sklearn/utils/validation.py", line 2787, in _check_feature_names
    raise ValueError(message)
ValueError: The feature names should match those that were passed during fit.
Feature names seen at fit time, yet now missing:
- bmi
- mean_arterial_pressure
- pulse_pressure

127.0.0.1 - - [03/Nov/2025 21:25:31] "[31m[1mPOST /predict HTTP/1.1[0m" 400 -
Traceback (most recent call last):
  File "/home/stefina/clg_work/Cardiovascular-Disease-Prediction/api/app.py", line 67, in predict
    input_df['bmi'] = input_df['weight'] / (input_df['height'] / 100) ** 2
                  ^^^^^^^^^^^^^^^^^^^^^^^^^^^^
  File "/home/stefina/.local/lib/python3.12/site-packages/sklearn/utils/_set_output.py", line 316, in wrapped
    data_to_wrap = f(self, X, *args, **kwargs)
                   ^^^^^^^^^^^^^^^^^^^^^^^^^^^
  File "/home/stefina/.local/lib/python3.12/site-packages/sklearn/preprocessing/_data.py", line 1075, in transform
    X = validate_data(
        ^^^^^^^^^^^^^^
  File "/home/stefina/.local/lib/python3.12/site-packages/sklearn/utils/validation.py", line 2929, in validate_data
    _check_feature_names(_estimator, X, reset=reset)
  File "/home/stefina/.local/lib/python3.12/site-packages/sklearn/utils/validation.py", line 2787, in _check_feature_names
    raise ValueError(message)
ValueError: The feature names should match those that were passed during fit.
Feature names seen at fit time, yet now missing:
- bmi
- mean_arterial_pressure
- pulse_pressure

127.0.0.1 - - [03/Nov/2025 21:25:32] "[31m[1mPOST /predict HTTP/1.1[0m" 400 -
Traceback (most recent call last):
  File "/home/stefina/clg_work/Cardiovascular-Disease-Prediction/api/app.py", line 67, in predict
  File "/home/stefina/.local/lib/python3.12/site-packages/sklearn/utils/_set_output.py", line 316, in wrapped
    data_to_wrap = f(self, X, *args, **kwargs)
                   ^^^^^^^^^^^^^^^^^^^^^^^^^^^
  File "/home/stefina/.local/lib/python3.12/site-packages/sklearn/preprocessing/_data.py", line 1075, in transform
    X = validate_data(
        ^^^^^^^^^^^^^^
  File "/home/stefina/.local/lib/python3.12/site-packages/sklearn/utils/validation.py", line 2929, in validate_data
    _check_feature_names(_estimator, X, reset=reset)
  File "/home/stefina/.local/lib/python3.12/site-packages/sklearn/utils/validation.py", line 2787, in _check_feature_names
    raise ValueError(message)
ValueError: The feature names should match those that were passed during fit.
Feature names seen at fit time, yet now missing:
- bmi
- mean_arterial_pressure
- pulse_pressure

127.0.0.1 - - [03/Nov/2025 21:28:38] "[31m[1mPOST /predict HTTP/1.1[0m" 400 -
Traceback (most recent call last):
  File "/home/stefina/clg_work/Cardiovascular-Disease-Prediction/api/app.py", line 67, in predict
  File "/home/stefina/.local/lib/python3.12/site-packages/sklearn/utils/_set_output.py", line 316, in wrapped
    data_to_wrap = f(self, X, *args, **kwargs)
                   ^^^^^^^^^^^^^^^^^^^^^^^^^^^
  File "/home/stefina/.local/lib/python3.12/site-packages/sklearn/preprocessing/_data.py", line 1075, in transform
    X = validate_data(
        ^^^^^^^^^^^^^^
  File "/home/stefina/.local/lib/python3.12/site-packages/sklearn/utils/validation.py", line 2929, in validate_data
    _check_feature_names(_estimator, X, reset=reset)
  File "/home/stefina/.local/lib/python3.12/site-packages/sklearn/utils/validation.py", line 2787, in _check_feature_names
    raise ValueError(message)
ValueError: The feature names should match those that were passed during fit.
Feature names seen at fit time, yet now missing:
- bmi
- mean_arterial_pressure
- pulse_pressure

127.0.0.1 - - [03/Nov/2025 21:32:53] "[31m[1mPOST /predict HTTP/1.1[0m" 400 -
Traceback (most recent call last):
  File "/home/stefina/clg_work/Cardiovascular-Disease-Prediction/api/app.py", line 67, in predict
  File "/home/stefina/.local/lib/python3.12/site-packages/sklearn/utils/_set_output.py", line 316, in wrapped
    data_to_wrap = f(self, X, *args, **kwargs)
                   ^^^^^^^^^^^^^^^^^^^^^^^^^^^
  File "/home/stefina/.local/lib/python3.12/site-packages/sklearn/preprocessing/_data.py", line 1075, in transform
    X = validate_data(
        ^^^^^^^^^^^^^^
  File "/home/stefina/.local/lib/python3.12/site-packages/sklearn/utils/validation.py", line 2929, in validate_data
    _check_feature_names(_estimator, X, reset=reset)
  File "/home/stefina/.local/lib/python3.12/site-packages/sklearn/utils/validation.py", line 2787, in _check_feature_names
    raise ValueError(message)
ValueError: The feature names should match those that were passed during fit.
Feature names seen at fit time, yet now missing:
- bmi
- mean_arterial_pressure
- pulse_pressure

127.0.0.1 - - [03/Nov/2025 21:33:59] "[31m[1mPOST /predict HTTP/1.1[0m" 400 -
Traceback (most recent call last):
  File "/home/stefina/clg_work/Cardiovascular-Disease-Prediction/api/app.py", line 67, in predict
  File "/home/stefina/.local/lib/python3.12/site-packages/sklearn/utils/_set_output.py", line 316, in wrapped
    data_to_wrap = f(self, X, *args, **kwargs)
                   ^^^^^^^^^^^^^^^^^^^^^^^^^^^
  File "/home/stefina/.local/lib/python3.12/site-packages/sklearn/preprocessing/_data.py", line 1075, in transform
    X = validate_data(
        ^^^^^^^^^^^^^^
  File "/home/stefina/.local/lib/python3.12/site-packages/sklearn/utils/validation.py", line 2929, in validate_data
    _check_feature_names(_estimator, X, reset=reset)
  File "/home/stefina/.local/lib/python3.12/site-packages/sklearn/utils/validation.py", line 2787, in _check_feature_names
    raise ValueError(message)
ValueError: The feature names should match those that were passed during fit.
Feature names seen at fit time, yet now missing:
- bmi
- mean_arterial_pressure
- pulse_pressure

127.0.0.1 - - [03/Nov/2025 21:34:34] "[31m[1mPOST /predict HTTP/1.1[0m" 400 -

Received data: {'age': 45, 'gender': 1, 'height': 175, 'weight': 95, 'ap_hi': 145, 'ap_lo': 110, 'cholesterol': 3, 'gluc': 3, 'smoke': 1, 'alco': 1, 'active': 0}
Initial DataFrame:    age  gender  height  weight  ap_hi  ...  cholesterol  gluc  smoke  alco  active
0   45       1     175      95    145  ...            3     3      1     1       0

[1 rows x 11 columns]
DataFrame after feature engineering:         age  gender  height  weight  ...  alco  active        bmi  bp_status
0  0.123203       1     175      95  ...     1       0  31.020408       High

[1 rows x 13 columns]
DataFrame after get_dummies:         age  gender  height  weight  ...  alco  active        bmi bp_status
0  0.123203       1     175      95  ...     1       0  31.020408      High

[1 rows x 13 columns]
Input data before scaling:         age  gender  height  ...  gluc_3  bp_status_High  bp_status_Normal
0  0.123203     1.0   175.0  ...     0.0             0.0               0.0

[1 rows x 15 columns]
Error during prediction: The feature names should match those that were passed during fit.
Feature names seen at fit time, yet now missing:
- bmi
- mean_arterial_pressure
- pulse_pressure

Received data: {'age': 45, 'gender': 1, 'height': 175, 'weight': 95, 'ap_hi': 145, 'ap_lo': 110, 'cholesterol': 3, 'gluc': 3, 'smoke': 1, 'alco': 1, 'active': 0}
Initial DataFrame:    age  gender  height  weight  ap_hi  ...  cholesterol  gluc  smoke  alco  active
0   45       1     175      95    145  ...            3     3      1     1       0

[1 rows x 11 columns]
DataFrame after feature engineering:         age  gender  height  weight  ...  alco  active        bmi  bp_status
0  0.123203       1     175      95  ...     1       0  31.020408       High

[1 rows x 13 columns]
DataFrame after get_dummies:         age  gender  height  weight  ...  alco  active        bmi bp_status
0  0.123203       1     175      95  ...     1       0  31.020408      High

[1 rows x 13 columns]
Input data before scaling:         age  gender  height  ...  gluc_3  bp_status_High  bp_status_Normal
0  0.123203     1.0   175.0  ...     0.0             0.0               0.0

[1 rows x 15 columns]
Error during prediction: The feature names should match those that were passed during fit.
Feature names seen at fit time, yet now missing:
- bmi
- mean_arterial_pressure
- pulse_pressure

Received data: {'age': 45, 'gender': 1, 'height': 175, 'weight': 95, 'ap_hi': 145, 'ap_lo': 110, 'cholesterol': 3, 'gluc': 3, 'smoke': 1, 'alco': 1, 'active': 0}
Initial DataFrame:    age  gender  height  weight  ap_hi  ...  cholesterol  gluc  smoke  alco  active
0   45       1     175      95    145  ...            3     3      1     1       0

[1 rows x 11 columns]
DataFrame after feature engineering:         age  gender  height  weight  ...  alco  active        bmi  bp_status
0  0.123203       1     175      95  ...     1       0  31.020408       High

[1 rows x 13 columns]
DataFrame after get_dummies:         age  gender  height  weight  ...  alco  active        bmi bp_status
0  0.123203       1     175      95  ...     1       0  31.020408      High

[1 rows x 13 columns]
Input data before scaling:         age  gender  height  ...  gluc_3  bp_status_High  bp_status_Normal
0  0.123203     1.0   175.0  ...     0.0             0.0               0.0

[1 rows x 15 columns]
Error during prediction: The feature names should match those that were passed during fit.
Feature names seen at fit time, yet now missing:
- bmi
- mean_arterial_pressure
- pulse_pressure

Received data: {'age': 45, 'gender': 2, 'height': 175, 'weight': 76, 'ap_hi': 145, 'ap_lo': 110, 'cholesterol': 3, 'gluc': 3, 'smoke': 1, 'alco': 1, 'active': 0}
Initial DataFrame:    age  gender  height  weight  ap_hi  ...  cholesterol  gluc  smoke  alco  active
0   45       2     175      76    145  ...            3     3      1     1       0

[1 rows x 11 columns]
DataFrame after feature engineering:         age  gender  height  weight  ...  alco  active        bmi  bp_status
0  0.123203       2     175      76  ...     1       0  24.816327       High

[1 rows x 13 columns]
DataFrame after get_dummies:         age  gender  height  weight  ...  alco  active        bmi bp_status
0  0.123203       2     175      76  ...     1       0  24.816327      High

[1 rows x 13 columns]
Input data before scaling:         age  gender  height  ...  gluc_3  bp_status_High  bp_status_Normal
0  0.123203     2.0   175.0  ...     0.0             0.0               0.0

[1 rows x 15 columns]
Error during prediction: The feature names should match those that were passed during fit.
Feature names seen at fit time, yet now missing:
- bmi
- mean_arterial_pressure
- pulse_pressure

Received data: {'age': 45, 'gender': 2, 'height': 175, 'weight': 76, 'ap_hi': 145, 'ap_lo': 110, 'cholesterol': 3, 'gluc': 3, 'smoke': 1, 'alco': 1, 'active': 0}
Initial DataFrame:    age  gender  height  weight  ap_hi  ...  cholesterol  gluc  smoke  alco  active
0   45       2     175      76    145  ...            3     3      1     1       0

[1 rows x 11 columns]
DataFrame after feature engineering:         age  gender  height  weight  ...  alco  active        bmi  bp_status
0  0.123203       2     175      76  ...     1       0  24.816327       High

[1 rows x 13 columns]
DataFrame after get_dummies:         age  gender  height  weight  ...  alco  active        bmi bp_status
0  0.123203       2     175      76  ...     1       0  24.816327      High

[1 rows x 13 columns]
Input data before scaling:         age  gender  height  ...  gluc_3  bp_status_High  bp_status_Normal
0  0.123203     2.0   175.0  ...     0.0             0.0               0.0

[1 rows x 15 columns]
Error during prediction: The feature names should match those that were passed during fit.
Feature names seen at fit time, yet now missing:
- bmi
- mean_arterial_pressure
- pulse_pressure

Received data: {'age': 45, 'gender': 2, 'height': 175, 'weight': 87, 'ap_hi': 145, 'ap_lo': 110, 'cholesterol': 3, 'gluc': 3, 'smoke': 1, 'alco': 1, 'active': 0}
Initial DataFrame:    age  gender  height  weight  ap_hi  ...  cholesterol  gluc  smoke  alco  active
0   45       2     175      87    145  ...            3     3      1     1       0

[1 rows x 11 columns]
DataFrame after feature engineering:         age  gender  height  weight  ...  alco  active        bmi  bp_status
0  0.123203       2     175      87  ...     1       0  28.408163       High

[1 rows x 13 columns]
DataFrame after get_dummies:         age  gender  height  weight  ...  alco  active        bmi bp_status
0  0.123203       2     175      87  ...     1       0  28.408163      High

[1 rows x 13 columns]
Input data before scaling:         age  gender  height  ...  gluc_3  bp_status_High  bp_status_Normal
0  0.123203     2.0   175.0  ...     0.0             0.0               0.0

[1 rows x 15 columns]
Error during prediction: The feature names should match those that were passed during fit.
Feature names seen at fit time, yet now missing:
- bmi
- mean_arterial_pressure
- pulse_pressure

Received data: {'age': 45, 'gender': 2, 'height': 175, 'weight': 87, 'ap_hi': 145, 'ap_lo': 110, 'cholesterol': 3, 'gluc': 3, 'smoke': 1, 'alco': 1, 'active': 0}
Initial DataFrame:    age  gender  height  weight  ap_hi  ...  cholesterol  gluc  smoke  alco  active
0   45       2     175      87    145  ...            3     3      1     1       0

[1 rows x 11 columns]
DataFrame after feature engineering:         age  gender  height  weight  ...  alco  active        bmi  bp_status
0  0.123203       2     175      87  ...     1       0  28.408163       High

[1 rows x 13 columns]
DataFrame after get_dummies:         age  gender  height  weight  ...  alco  active        bmi bp_status
0  0.123203       2     175      87  ...     1       0  28.408163      High

[1 rows x 13 columns]
Input data before scaling:         age  gender  height  ...  gluc_3  bp_status_High  bp_status_Normal
0  0.123203     2.0   175.0  ...     0.0             0.0               0.0

[1 rows x 15 columns]
Error during prediction: The feature names should match those that were passed during fit.
Feature names seen at fit time, yet now missing:
- bmi
- mean_arterial_pressure
- pulse_pressure
Traceback (most recent call last):
  File "/home/stefina/clg_work/Cardiovascular-Disease-Prediction/api/app.py", line 67, in predict
    input_df['cholesterol_3'] = (input_df['cholesterol'] == 3).astype(int)
                  ^^^^^^^^^^^^^^^^^^^^^^^^^^^^
  File "/home/stefina/.local/lib/python3.12/site-packages/sklearn/utils/_set_output.py", line 316, in wrapped
    data_to_wrap = f(self, X, *args, **kwargs)
                   ^^^^^^^^^^^^^^^^^^^^^^^^^^^
  File "/home/stefina/.local/lib/python3.12/site-packages/sklearn/preprocessing/_data.py", line 1075, in transform
    X = validate_data(
        ^^^^^^^^^^^^^^
  File "/home/stefina/.local/lib/python3.12/site-packages/sklearn/utils/validation.py", line 2929, in validate_data
    _check_feature_names(_estimator, X, reset=reset)
  File "/home/stefina/.local/lib/python3.12/site-packages/sklearn/utils/validation.py", line 2787, in _check_feature_names
    raise ValueError(message)
ValueError: The feature names should match those that were passed during fit.
Feature names seen at fit time, yet now missing:
- bmi
- mean_arterial_pressure
- pulse_pressure

127.0.0.1 - - [03/Nov/2025 21:39:16] "[31m[1mPOST /predict HTTP/1.1[0m" 400 -
Traceback (most recent call last):
  File "/home/stefina/clg_work/Cardiovascular-Disease-Prediction/api/app.py", line 67, in predict
    input_df['cholesterol_3'] = (input_df['cholesterol'] == 3).astype(int)
                  ^^^^^^^^^^^^^^^^^^^^^^^^^^^^
  File "/home/stefina/.local/lib/python3.12/site-packages/sklearn/utils/_set_output.py", line 316, in wrapped
    data_to_wrap = f(self, X, *args, **kwargs)
                   ^^^^^^^^^^^^^^^^^^^^^^^^^^^
  File "/home/stefina/.local/lib/python3.12/site-packages/sklearn/preprocessing/_data.py", line 1075, in transform
    X = validate_data(
        ^^^^^^^^^^^^^^
  File "/home/stefina/.local/lib/python3.12/site-packages/sklearn/utils/validation.py", line 2929, in validate_data
    _check_feature_names(_estimator, X, reset=reset)
  File "/home/stefina/.local/lib/python3.12/site-packages/sklearn/utils/validation.py", line 2787, in _check_feature_names
    raise ValueError(message)
ValueError: The feature names should match those that were passed during fit.
Feature names seen at fit time, yet now missing:
- bmi
- mean_arterial_pressure
- pulse_pressure

127.0.0.1 - - [03/Nov/2025 21:41:40] "[31m[1mPOST /predict HTTP/1.1[0m" 400 -
Traceback (most recent call last):
  File "/home/stefina/clg_work/Cardiovascular-Disease-Prediction/api/app.py", line 67, in predict
    input_df['cholesterol_3'] = (input_df['cholesterol'] == 3).astype(int)
                  ^^^^^^^^^^^^^^^^^^^^^^^^^^^^
  File "/home/stefina/.local/lib/python3.12/site-packages/sklearn/utils/_set_output.py", line 316, in wrapped
    data_to_wrap = f(self, X, *args, **kwargs)
                   ^^^^^^^^^^^^^^^^^^^^^^^^^^^
  File "/home/stefina/.local/lib/python3.12/site-packages/sklearn/preprocessing/_data.py", line 1075, in transform
    X = validate_data(
        ^^^^^^^^^^^^^^
  File "/home/stefina/.local/lib/python3.12/site-packages/sklearn/utils/validation.py", line 2929, in validate_data
    _check_feature_names(_estimator, X, reset=reset)
  File "/home/stefina/.local/lib/python3.12/site-packages/sklearn/utils/validation.py", line 2787, in _check_feature_names
    raise ValueError(message)
ValueError: The feature names should match those that were passed during fit.
Feature names seen at fit time, yet now missing:
- bmi
- mean_arterial_pressure
- pulse_pressure

127.0.0.1 - - [03/Nov/2025 21:45:32] "[31m[1mPOST /predict HTTP/1.1[0m" 400 -
Traceback (most recent call last):
  File "/home/stefina/clg_work/Cardiovascular-Disease-Prediction/api/app.py", line 67, in predict
    input_df['cholesterol_3'] = (input_df['cholesterol'] == 3).astype(int)
                  ^^^^^^^^^^^^^^^^^^^^^^^^^^^^
  File "/home/stefina/.local/lib/python3.12/site-packages/sklearn/utils/_set_output.py", line 316, in wrapped
    data_to_wrap = f(self, X, *args, **kwargs)
                   ^^^^^^^^^^^^^^^^^^^^^^^^^^^
  File "/home/stefina/.local/lib/python3.12/site-packages/sklearn/preprocessing/_data.py", line 1075, in transform
    X = validate_data(
        ^^^^^^^^^^^^^^
  File "/home/stefina/.local/lib/python3.12/site-packages/sklearn/utils/validation.py", line 2929, in validate_data
    _check_feature_names(_estimator, X, reset=reset)
  File "/home/stefina/.local/lib/python3.12/site-packages/sklearn/utils/validation.py", line 2787, in _check_feature_names
    raise ValueError(message)
ValueError: The feature names should match those that were passed during fit.
Feature names seen at fit time, yet now missing:
- bmi
- mean_arterial_pressure
- pulse_pressure

127.0.0.1 - - [03/Nov/2025 21:59:52] "[31m[1mPOST /predict HTTP/1.1[0m" 400 -
